<?xml version="1.0" encoding="UTF-8"?>
<testsuite xmlns:xsi="http://www.w3.org/2001/XMLSchema-instance" xsi:noNamespaceSchemaLocation="https://maven.apache.org/surefire/maven-surefire-plugin/xsd/surefire-test-report.xsd" name="TestSuite" time="238.823" tests="23" errors="0" skipped="0" failures="2">
  <properties>
[...]
</properties>
  <testcase name="Test01_Fill_Login_Credentials" classname="mikaels.clappy.ClappyAdminTestClass" time="7.313"/>
  <testcase name="Test02_Click_Login_Button" classname="mikaels.clappy.ClappyAdminTestClass" time="6.449"/>
  <testcase name="Test03_Verify_Login" classname="mikaels.clappy.ClappyAdminTestClass" time="1.02"/>
  <testcase name="Test04_Redirect_To_Admin_Management" classname="mikaels.clappy.ClappyAdminTestClass" time="3.243"/>
  <testcase name="Test05_Verify_Redirection_To_Admin_Management" classname="mikaels.clappy.ClappyAdminTestClass" time="1.027"/>
  <testcase name="Test06_Verify_8_Admin_Management_Elements" classname="mikaels.clappy.ClappyAdminTestClass" time="0.721"/>
  <testcase name="Test07_Create_New_Admin" classname="mikaels.clappy.ClappyAdminTestClass" time="3.441"/>
  <testcase name="Test08_Verify_Redirection_To_Create_Admin_Form" classname="mikaels.clappy.ClappyAdminTestClass" time="1.007"/>
  <testcase name="Test09_Fill_Create_Admin_Form" classname="mikaels.clappy.ClappyAdminTestClass" time="1.509"/>
  <testcase name="Test10_Click_Create_Admin" classname="mikaels.clappy.ClappyAdminTestClass" time="6.005"/>
  <testcase name="Test11_Verify_Create_Admin_Success_Message" classname="mikaels.clappy.ClappyAdminTestClass" time="0.085"/>
  <testcase name="Test12_Redirect_To_Client_Management" classname="mikaels.clappy.ClappyAdminTestClass" time="2.696"/>
  <testcase name="Test13_Verify_Redirection_To_Client_Management" classname="mikaels.clappy.ClappyAdminTestClass" time="1.023"/>
  <testcase name="Test14_Verify_10_Client_Management_Elements" classname="mikaels.clappy.ClappyAdminTestClass" time="0.86"/>
  <testcase name="Test15_Create_New_Client" classname="mikaels.clappy.ClappyAdminTestClass" time="3.415"/>
  <testcase name="Test16_Verify_Redirection_To_Create_Client_Form" classname="mikaels.clappy.ClappyAdminTestClass" time="1.02"/>
  <testcase name="Test17_Fill_Create_Client_Form" classname="mikaels.clappy.ClappyAdminTestClass" time="60.224">
    <failure message="no such element: Unable to locate element: {&quot;method&quot;:&quot;css selector&quot;,&quot;selector&quot;:&quot;[id = &apos;email&apos;]&quot;}&#10;  (Session info: chrome=68.0.3440.106)&#10;  (Driver info: chromedriver=2.35.528161 (5b82f2d2aae0ca24b877009200ced9065a772e73),platform=Windows NT 10.0.17134 x86_64) (WARNING: The server did not provide any stacktrace information)&#10;Command duration or timeout: 0 milliseconds&#10;For documentation on this error, please visit: http://seleniumhq.org/exceptions/no_such_element.html&#10;Build info: version: &apos;3.11.0&apos;, revision: &apos;e59cfb3&apos;, time: &apos;2018-03-11T20:26:55.152Z&apos;&#10;System info: host: &apos;DESKTOP-L4S2AS9&apos;, ip: &apos;192.168.0.114&apos;, os.name: &apos;Windows 10&apos;, os.arch: &apos;amd64&apos;, os.version: &apos;10.0&apos;, java.version: &apos;10.0.2&apos;&#10;Driver info: org.openqa.selenium.chrome.ChromeDriver&#10;Capabilities {acceptInsecureCerts: false, acceptSslCerts: false, applicationCacheEnabled: false, browserConnectionEnabled: false, browserName: chrome, chrome: {chromedriverVersion: 2.35.528161 (5b82f2d2aae0ca..., userDataDir: C:\Users\ABC\AppData\Local\...}, cssSelectorsEnabled: true, databaseEnabled: false, handlesAlerts: true, hasTouchScreen: false, javascriptEnabled: true, locationContextEnabled: true, mobileEmulationEnabled: false, nativeEvents: true, networkConnectionEnabled: false, pageLoadStrategy: normal, platform: XP, platformName: XP, rotatable: false, setWindowRect: true, takesHeapSnapshot: true, takesScreenshot: true, unexpectedAlertBehaviour: , unhandledPromptBehavior: , version: 68.0.3440.106, webStorageEnabled: true}&#10;Session ID: 75cf5a26322e0dd1d061c10a39ff81bd&#10;*** Element info: {Using=css selector, value=[id = &apos;email&apos;]}" type="org.openqa.selenium.NoSuchElementException">org.openqa.selenium.NoSuchElementException: 
no such element: Unable to locate element: {"method":"css selector","selector":"[id = 'email']"}
  (Session info: chrome=68.0.3440.106)
  (Driver info: chromedriver=2.35.528161 (5b82f2d2aae0ca24b877009200ced9065a772e73),platform=Windows NT 10.0.17134 x86_64) (WARNING: The server did not provide any stacktrace information)
Command duration or timeout: 0 milliseconds
For documentation on this error, please visit: http://seleniumhq.org/exceptions/no_such_element.html
Build info: version: '3.11.0', revision: 'e59cfb3', time: '2018-03-11T20:26:55.152Z'
System info: host: 'DESKTOP-L4S2AS9', ip: '192.168.0.114', os.name: 'Windows 10', os.arch: 'amd64', os.version: '10.0', java.version: '10.0.2'
Driver info: org.openqa.selenium.chrome.ChromeDriver
Capabilities {acceptInsecureCerts: false, acceptSslCerts: false, applicationCacheEnabled: false, browserConnectionEnabled: false, browserName: chrome, chrome: {chromedriverVersion: 2.35.528161 (5b82f2d2aae0ca..., userDataDir: C:\Users\ABC\AppData\Local\...}, cssSelectorsEnabled: true, databaseEnabled: false, handlesAlerts: true, hasTouchScreen: false, javascriptEnabled: true, locationContextEnabled: true, mobileEmulationEnabled: false, nativeEvents: true, networkConnectionEnabled: false, pageLoadStrategy: normal, platform: XP, platformName: XP, rotatable: false, setWindowRect: true, takesHeapSnapshot: true, takesScreenshot: true, unexpectedAlertBehaviour: , unhandledPromptBehavior: , version: 68.0.3440.106, webStorageEnabled: true}
Session ID: 75cf5a26322e0dd1d061c10a39ff81bd
*** Element info: {Using=css selector, value=[id = 'email']}
	at mikaels.clappy.ClappyAdminTestClass.Test17_Fill_Create_Client_Form(ClappyAdminTestClass.java:119)
</failure>
    <system-out><![CDATA[183102
]]></system-out>
  </testcase>
  <testcase name="Test18_Click_Create_Client" classname="mikaels.clappy.ClappyAdminTestClass" time="5.107"/>
  <testcase name="Test19_Verify_Create_Client_Success_Message" classname="mikaels.clappy.ClappyAdminTestClass" time="120.101">
    <failure message="Expected condition failed: waiting for visibility of Proxy element for: DefaultElementLocator &apos;By.cssSelector: [class = &apos;alert alert-success&apos;]&apos; (tried for 60 second(s) with 500 milliseconds interval)" type="org.openqa.selenium.TimeoutException">org.openqa.selenium.TimeoutException: Expected condition failed: waiting for visibility of Proxy element for: DefaultElementLocator 'By.cssSelector: [class = 'alert alert-success']' (tried for 60 second(s) with 500 milliseconds interval)
	at mikaels.clappy.ClappyAdminTestClass.Test19_Verify_Create_Client_Success_Message(ClappyAdminTestClass.java:129)
Caused by: org.openqa.selenium.NoSuchElementException: 
no such element: Unable to locate element: {"method":"css selector","selector":"[class = 'alert alert-success']"}
  (Session info: chrome=68.0.3440.106)
  (Driver info: chromedriver=2.35.528161 (5b82f2d2aae0ca24b877009200ced9065a772e73),platform=Windows NT 10.0.17134 x86_64) (WARNING: The server did not provide any stacktrace information)
Command duration or timeout: 0 milliseconds
For documentation on this error, please visit: http://seleniumhq.org/exceptions/no_such_element.html
Build info: version: '3.11.0', revision: 'e59cfb3', time: '2018-03-11T20:26:55.152Z'
System info: host: 'DESKTOP-L4S2AS9', ip: '192.168.0.114', os.name: 'Windows 10', os.arch: 'amd64', os.version: '10.0', java.version: '10.0.2'
Driver info: org.openqa.selenium.chrome.ChromeDriver
Capabilities {acceptInsecureCerts: false, acceptSslCerts: false, applicationCacheEnabled: false, browserConnectionEnabled: false, browserName: chrome, chrome: {chromedriverVersion: 2.35.528161 (5b82f2d2aae0ca..., userDataDir: C:\Users\ABC\AppData\Local\...}, cssSelectorsEnabled: true, databaseEnabled: false, handlesAlerts: true, hasTouchScreen: false, javascriptEnabled: true, locationContextEnabled: true, mobileEmulationEnabled: false, nativeEvents: true, networkConnectionEnabled: false, pageLoadStrategy: normal, platform: XP, platformName: XP, rotatable: false, setWindowRect: true, takesHeapSnapshot: true, takesScreenshot: true, unexpectedAlertBehaviour: , unhandledPromptBehavior: , version: 68.0.3440.106, webStorageEnabled: true}
Session ID: 75cf5a26322e0dd1d061c10a39ff81bd
*** Element info: {Using=css selector, value=[class = 'alert alert-success']}
	at mikaels.clappy.ClappyAdminTestClass.Test19_Verify_Create_Client_Success_Message(ClappyAdminTestClass.java:129)
</failure>
  </testcase>
  <testcase name="Test20_Redirect_To_Client_Management" classname="mikaels.clappy.ClappyAdminTestClass" time="3.296"/>
  <testcase name="Test21_Verify_Redirection_To_Modules_Management" classname="mikaels.clappy.ClappyAdminTestClass" time="1.025"/>
  <testcase name="Test22_Verify_3_Modules_Management_Elements" classname="mikaels.clappy.ClappyAdminTestClass" time="0.304"/>
  <testcase name="Test23_Verify_6_Modules_Management_Modules" classname="mikaels.clappy.ClappyAdminTestClass" time="0.41"/>
</testsuite>